[2023-07-20 02:10:36,756] Line No. 24 root - INFO - Data Ingestion started...
[2023-07-20 02:10:40,652] Line No. 36 root - INFO - Data split into train test... and saving...
[2023-07-20 02:10:40,897] Line No. 42 root - INFO - Data Ingestion completed.
[2023-07-20 02:10:41,033] Line No. 66 root - INFO - Read train and test data completed
[2023-07-20 02:10:41,039] Line No. 67 root - INFO - Train Dataframe Head : 
   LIMIT_BAL  SEX  EDUCATION  MARRIAGE  AGE  PAY_0  PAY_2  PAY_3  PAY_4  PAY_5  PAY_6  BILL_AMT1  BILL_AMT2  BILL_AMT3  BILL_AMT4  BILL_AMT5  BILL_AMT6  PAY_AMT1  PAY_AMT2  PAY_AMT3  PAY_AMT4  PAY_AMT5  PAY_AMT6  default payment next month
0     120000    1          3         1   49      0     -1     -1     -1     -1     -1     119440       3844       2290        780       8190       4600      3844      2299       780      8190      4600      1081                           1
1      30000    1          1         2   38      2      0      0      0      0      0      69707      71904      62630      57406      46231      73262      4000      5000      8000      1460     40000     10000                           0
2      90000    2          2         2   39      0      0      0      0      0      0      45709      45045      42151      37842      30849      28061      2000      2000      1200      1018      1200       710                           1
3     130000    2          3         1   26      0      0      2      2      2      0     121329     128791     127881     133130     127159     131069     11000      2600      9000         0      6000      5000                           0
4      50000    1          3         2   26      2      0      0      0      0      0      49644      94883      42097      32394      16658      17006      2047      5728      1300      1194       617       650                           1
[2023-07-20 02:10:41,045] Line No. 68 root - INFO - Test Dataframe Head  : 
   LIMIT_BAL  SEX  EDUCATION  MARRIAGE  AGE  PAY_0  PAY_2  PAY_3  PAY_4  PAY_5  PAY_6  BILL_AMT1  BILL_AMT2  BILL_AMT3  BILL_AMT4  BILL_AMT5  BILL_AMT6  PAY_AMT1  PAY_AMT2  PAY_AMT3  PAY_AMT4  PAY_AMT5  PAY_AMT6  default payment next month
0      30000    1          2         2   25      0      0      0      0      0      0       8864      10062      11581      12580      13716      14828      1500      2000      1500      1500      1500      2000                           0
1     150000    2          1         2   26      0      0      0      0      0      0     136736     125651     116684     101581      77741      77264      4486      4235      3161      2647      2669      2669                           0
2      70000    2          3         1   32      0      0      0      0      0      0      70122      69080      68530      69753      70111      70212      2431      3112      3000      2438      2500      2554                           0
3     130000    1          3         2   49      0      0      0      0      0     -1      20678      18956      16172      16898      11236       6944      1610      1808      7014        27      7011      4408                           0
4      50000    2          2         2   36      0      0      0      0      0      2      94228      47635      42361      19574      20295      19439      2000      1500      1000      1800         0      1000                           1
[2023-07-20 02:10:41,051] Line No. 78 root - INFO - Obtaining Preprocessing object...
[2023-07-20 02:10:41,164] Line No. 85 root - INFO - Preprocessing completed with input training and testing dataset...
[2023-07-20 02:10:41,169] Line No. 90 root - INFO - Saving Preprocessor file...
[2023-07-20 02:10:41,173] Line No. 52 root - INFO - Splitting Dependent and Independent variables from train and test data
[2023-07-20 02:10:41,173] Line No. 36 root - INFO - Training on Logistic Regression
[2023-07-20 02:10:41,267] Line No. 47 root - INFO - Training Complete... Accuracy_Score: 0.81
[2023-07-20 02:10:41,268] Line No. 36 root - INFO - Training on SGDClassifier
[2023-07-20 02:10:41,463] Line No. 47 root - INFO - Training Complete... Accuracy_Score: 0.8117171717171717
[2023-07-20 02:10:41,463] Line No. 36 root - INFO - Training on DecisionTreeClassifier
[2023-07-20 02:10:42,652] Line No. 47 root - INFO - Training Complete... Accuracy_Score: 0.7266666666666667
[2023-07-20 02:10:42,652] Line No. 36 root - INFO - Training on SVC linear
[2023-07-20 02:11:27,564] Line No. 47 root - INFO - Training Complete... Accuracy_Score: 0.8105050505050505
[2023-07-20 02:11:27,565] Line No. 36 root - INFO - Training on SVC rbf
[2023-07-20 02:12:12,880] Line No. 47 root - INFO - Training Complete... Accuracy_Score: 0.8182828282828283
[2023-07-20 02:12:12,880] Line No. 36 root - INFO - Training on RandomForest
[2023-07-20 02:12:29,354] Line No. 47 root - INFO - Training Complete... Accuracy_Score: 0.8154545454545454
[2023-07-20 02:12:29,354] Line No. 36 root - INFO - Training on AdaBoost
[2023-07-20 02:12:33,477] Line No. 47 root - INFO - Training Complete... Accuracy_Score: 0.8177777777777778
[2023-07-20 02:12:33,478] Line No. 36 root - INFO - Training on Gradient Boosting
[2023-07-20 02:12:52,680] Line No. 47 root - INFO - Training Complete... Accuracy_Score: 0.8217171717171717
[2023-07-20 02:12:52,680] Line No. 36 root - INFO - Training on XGB
[2023-07-20 02:12:54,394] Line No. 47 root - INFO - Training Complete... Accuracy_Score: 0.8145454545454546
[2023-07-20 02:12:54,394] Line No. 36 root - INFO - Training on BaggingSVC
[2023-07-20 02:16:46,599] Line No. 47 root - INFO - Training Complete... Accuracy_Score: 0.8188888888888889
[2023-07-20 02:16:47,029] Line No. 63 root - INFO - Model Report : 
               Model_Name                                              Model  Acc_Score
0     Logistic Regression                LogisticRegression(random_state=42)  81.000000
1           SGDClassifier                                    SGDClassifier()  81.171717
2  DecisionTreeClassifier            DecisionTreeClassifier(random_state=42)  72.666667
3              SVC linear                               SVC(kernel='linear')  81.050505
4                 SVC rbf                                              SVC()  81.828283
5            RandomForest  (DecisionTreeClassifier(max_features='sqrt', r...  81.545455
6                AdaBoost  (DecisionTreeClassifier(max_depth=1, random_st...  81.777778
7       Gradient Boosting  ([DecisionTreeRegressor(criterion='friedman_ms...  82.171717
8                     XGB  XGBClassifier(base_score=None, booster=None, c...  81.454545
9              BaggingSVC  (SVC(random_state=1179889964), SVC(random_stat...  81.888889
[2023-07-20 02:16:47,031] Line No. 75 root - INFO - Best Model Found , Model Name : Gradient Boosting , Acc Score : 82.17171717171718
[2023-07-20 02:16:47,459] Line No. 82 root - INFO - Saved Best Model file
