[2023-07-25 12:37:26,757] Line No. 24 root - INFO - Data Ingestion started...
[2023-07-25 12:37:28,949] Line No. 36 root - INFO - Data split into train test... and saving...
[2023-07-25 12:37:29,107] Line No. 42 root - INFO - Data Ingestion completed.
[2023-07-25 12:37:29,190] Line No. 66 root - INFO - Read train and test data completed
[2023-07-25 12:37:29,195] Line No. 67 root - INFO - Train Dataframe Head : 
   LIMIT_BAL  SEX  EDUCATION  MARRIAGE  AGE  PAY_0  PAY_2  PAY_3  PAY_4  PAY_5  PAY_6  BILL_AMT1  BILL_AMT2  BILL_AMT3  BILL_AMT4  BILL_AMT5  BILL_AMT6  PAY_AMT1  PAY_AMT2  PAY_AMT3  PAY_AMT4  PAY_AMT5  PAY_AMT6  default payment next month
0     120000    1          3         1   49      0     -1     -1     -1     -1     -1     119440       3844       2290        780       8190       4600      3844      2299       780      8190      4600      1081                           1
1      30000    1          1         2   38      2      0      0      0      0      0      69707      71904      62630      57406      46231      73262      4000      5000      8000      1460     40000     10000                           0
2      90000    2          2         2   39      0      0      0      0      0      0      45709      45045      42151      37842      30849      28061      2000      2000      1200      1018      1200       710                           1
3     130000    2          3         1   26      0      0      2      2      2      0     121329     128791     127881     133130     127159     131069     11000      2600      9000         0      6000      5000                           0
4      50000    1          3         2   26      2      0      0      0      0      0      49644      94883      42097      32394      16658      17006      2047      5728      1300      1194       617       650                           1
[2023-07-25 12:37:29,199] Line No. 68 root - INFO - Test Dataframe Head  : 
   LIMIT_BAL  SEX  EDUCATION  MARRIAGE  AGE  PAY_0  PAY_2  PAY_3  PAY_4  PAY_5  PAY_6  BILL_AMT1  BILL_AMT2  BILL_AMT3  BILL_AMT4  BILL_AMT5  BILL_AMT6  PAY_AMT1  PAY_AMT2  PAY_AMT3  PAY_AMT4  PAY_AMT5  PAY_AMT6  default payment next month
0      30000    1          2         2   25      0      0      0      0      0      0       8864      10062      11581      12580      13716      14828      1500      2000      1500      1500      1500      2000                           0
1     150000    2          1         2   26      0      0      0      0      0      0     136736     125651     116684     101581      77741      77264      4486      4235      3161      2647      2669      2669                           0
2      70000    2          3         1   32      0      0      0      0      0      0      70122      69080      68530      69753      70111      70212      2431      3112      3000      2438      2500      2554                           0
3     130000    1          3         2   49      0      0      0      0      0     -1      20678      18956      16172      16898      11236       6944      1610      1808      7014        27      7011      4408                           0
4      50000    2          2         2   36      0      0      0      0      0      2      94228      47635      42361      19574      20295      19439      2000      1500      1000      1800         0      1000                           1
[2023-07-25 12:37:29,201] Line No. 78 root - INFO - Obtaining Preprocessing object...
[2023-07-25 12:37:29,261] Line No. 85 root - INFO - Preprocessing completed with input training and testing dataset...
[2023-07-25 12:37:29,263] Line No. 90 root - INFO - Saving Preprocessor file...
[2023-07-25 12:37:29,265] Line No. 33 root - INFO - Splitting Dependent and Independent variables from train and test data
[2023-07-25 12:37:29,265] Line No. 72 root - INFO - Enhancing Gradient Boosting
[2023-07-25 13:48:39,324] Line No. 77 root - INFO - Best Estimator: GradientBoostingClassifier(min_samples_leaf=2, min_samples_split=5)
[2023-07-25 13:48:39,338] Line No. 78 root - INFO - Best Param: {'max_depth': 3, 'min_samples_leaf': 2, 'min_samples_split': 5}
[2023-07-25 13:49:09,033] Line No. 93 root - INFO - Training Complete... Accuracy_Score: 0.8224242424242424
[2023-07-25 13:49:09,930] Line No. 51 root - INFO - Model Report : 
          Model_Name                                              Model  Acc_Score             ConfusionMatrix
0  Gradient Boosting  ([DecisionTreeRegressor(criterion='friedman_ms...  82.242424  [[7352, 390], [1368, 790]]
[2023-07-25 13:49:09,933] Line No. 64 root - INFO - Best Model Found , Model Name : Gradient Boosting , Acc Score : 82.24242424242424
[2023-07-25 13:49:09,936] Line No. 76 root - ERROR - Error in Enhance Training.
